==88762== Helgrind, a thread error detector
==88762== Copyright (C) 2007-2017, and GNU GPL'd, by OpenWorks LLP et al.
==88762== Using Valgrind-3.22.0 and LibVEX; rerun with -h for copyright info
==88762== Command: ./threadpool --all
==88762== 
Thread (ID: 0) has started.
Thread (ID: 1) has started.
Thread (ID: 0) has finished.
Thread (ID: 4) has started.
Thread (ID: 8) has started.
Thread (ID: 3) has started.
Thread (ID: 3) has finished.
Thread (ID: 1) has finished.
Thread (ID: 9) has started.
Thread (ID: 9) has finished.
Thread (ID: 2) has started.
Thread (ID: 6) has started.
Thread (ID: 6) has finished.
Thread (ID: 11) has started.
Thread (ID: 12) has started.
Thread (ID: 12) has finished.
Thread (ID: 5) has started.
Thread (ID: 13) has started.
Thread (ID: 8) has finished.
Thread (ID: 14) has started.
Thread (ID: 7) has started.
Thread (ID: 15) has started.
Thread (ID: 15) has finished.
Thread (ID: 16) has started.
Thread (ID: 2) has finished.
Thread (ID: 4) has finished.
Thread (ID: 17) has started.
Thread (ID: 11) has finished.
Thread (ID: 18) has started.
Thread (ID: 18) has finished.
Thread (ID: 10) has started.
Thread (ID: 19) has started.
Thread (ID: 5) has finished.
Thread (ID: 20) has started.
Thread (ID: 7) has finished.
Thread (ID: 21) has started.
Thread (ID: 21) has finished.
Thread (ID: 14) has finished.
Thread (ID: 22) has started.
Thread (ID: 13) has finished.
Thread (ID: 23) has started.
Thread (ID: 17) has finished.
Thread (ID: 24) has started.
Thread (ID: 24) has finished.
Thread (ID: 19) has finished.
Thread (ID: 25) has started.
Thread (ID: 16) has finished.
Thread (ID: 26) has started.
Thread (ID: 27) has started.
Thread (ID: 27) has finished.
Thread (ID: 20) has finished.
Thread (ID: 29) has started.
Thread (ID: 22) has finished.
Thread (ID: 10) has finished.
Thread (ID: 30) has started.
Thread (ID: 30) has finished.
Thread (ID: 23) has finished.
Thread (ID: 32) has started.
Thread (ID: 25) has finished.
Thread (ID: 28) has started.
Thread (ID: 33) has started.
Thread (ID: 33) has finished.
Thread (ID: 26) has finished.
Thread (ID: 35) has started.
Thread (ID: 36) has started.
Thread (ID: 36) has finished.
Thread (ID: 37) has started.
Thread (ID: 38) has started.
Thread (ID: 29) has finished.
Thread (ID: 39) has started.
Thread (ID: 39) has finished.
Thread (ID: 40) has started.
Thread (ID: 44) has started.
Thread (ID: 28) has finished.
Thread (ID: 31) has started.
Thread (ID: 32) has finished.
Thread (ID: 42) has started.
Thread (ID: 42) has finished.
Thread (ID: 34) has started.
Thread (ID: 37) has finished.
Thread (ID: 41) has started.
Thread (ID: 35) has finished.
Thread (ID: 45) has started.
Thread (ID: 45) has finished.
Thread (ID: 46) has started.
Thread (ID: 38) has finished.
Thread (ID: 43) has started.
Thread (ID: 47) has started.
Thread (ID: 48) has started.
Thread (ID: 48) has finished.
Thread (ID: 49) has started.
Thread (ID: 40) has finished.
Thread (ID: 50) has started.
Thread (ID: 51) has started.
Thread (ID: 51) has finished.
Thread (ID: 31) has finished.
Thread (ID: 52) has started.
Thread (ID: 34) has finished.
Thread (ID: 53) has started.
Thread (ID: 44) has finished.
Thread (ID: 54) has started.
Thread (ID: 57) has started.
Thread (ID: 57) has finished.
Thread (ID: 43) has finished.
Thread (ID: 41) has finished.
Thread (ID: 46) has finished.
Thread (ID: 54) has finished.
Thread (ID: 49) has finished.
Thread (ID: 55) has started.
Thread (ID: 63) has started.
Thread (ID: 47) has finished.
Thread (ID: 59) has started.
Thread (ID: 60) has started.
Thread (ID: 60) has finished.
Thread (ID: 52) has finished.
Thread (ID: 62) has started.
Thread (ID: 56) has started.
Thread (ID: 63) has finished.
Thread (ID: 58) has started.
Thread (ID: 64) has started.
Thread (ID: 61) has started.
Thread (ID: 65) has started.
Thread (ID: 50) has finished.
Thread (ID: 66) has started.
Thread (ID: 66) has finished.
Thread (ID: 67) has started.
Thread (ID: 53) has finished.
Thread (ID: 55) has finished.
Thread (ID: 70) has started.
Thread (ID: 71) has started.
Thread (ID: 68) has started.
Thread (ID: 69) has started.
Thread (ID: 69) has finished.
Thread (ID: 72) has started.
Thread (ID: 72) has finished.
Thread (ID: 58) has finished.
Thread (ID: 61) has finished.
Thread (ID: 64) has finished.
Thread (ID: 73) has started.
Thread (ID: 67) has finished.
Thread (ID: 75) has started.
Thread (ID: 75) has finished.
Thread (ID: 59) has finished.
Thread (ID: 74) has started.
Thread (ID: 56) has finished.
Thread (ID: 77) has started.
Thread (ID: 70) has finished.
Thread (ID: 78) has started.
Thread (ID: 78) has finished.
Thread (ID: 81) has started.
Thread (ID: 76) has started.
Thread (ID: 80) has started.
Thread (ID: 62) has finished.
Thread (ID: 65) has finished.
Thread (ID: 83) has started.
Thread (ID: 81) has finished.
Thread (ID: 79) has started.
Thread (ID: 71) has finished.
Thread (ID: 82) has started.
Thread (ID: 86) has started.
Thread (ID: 68) has finished.
Thread (ID: 85) has started.
Thread (ID: 87) has started.
Thread (ID: 87) has finished.
Thread (ID: 73) has finished.
Thread (ID: 84) has started.
Thread (ID: 89) has started.
Thread (ID: 76) has finished.
Thread (ID: 88) has started.
Thread (ID: 84) has finished.
Thread (ID: 90) has started.
Thread (ID: 90) has finished.
Thread (ID: 91) has started.
Thread (ID: 92) has started.
Thread (ID: 77) has finished.
Thread (ID: 74) has finished.
Thread (ID: 82) has finished.
Thread (ID: 94) has started.
Thread (ID: 95) has started.
Thread (ID: 85) has finished.
Thread (ID: 79) has finished.
Thread (ID: 93) has started.
Thread (ID: 97) has started.
Thread (ID: 96) has started.
Thread (ID: 96) has finished.
Thread (ID: 88) has finished.
Thread (ID: 80) has finished.
Thread (ID: 91) has finished.
Thread (ID: 100) has started.
Thread (ID: 98) has started.
Thread (ID: 99) has started.
Thread (ID: 99) has finished.
Thread (ID: 86) has finished.
Thread (ID: 94) has finished.
Thread (ID: 101) has started.
Thread (ID: 97) has finished.
Thread (ID: 102) has started.
Thread (ID: 105) has started.
Thread (ID: 105) has finished.
Thread (ID: 103) has started.
Thread (ID: 104) has started.
Thread (ID: 83) has finished.
Thread (ID: 93) has finished.
Thread (ID: 107) has started.
Thread (ID: 92) has finished.
Thread (ID: 108) has started.
Thread (ID: 108) has finished.
Thread (ID: 106) has started.
Thread (ID: 100) has finished.
Thread (ID: 95) has finished.
Thread (ID: 111) has started.
Thread (ID: 111) has finished.
Thread (ID: 103) has finished.
Thread (ID: 98) has finished.
Thread (ID: 114) has started.
Thread (ID: 114) has finished.
Thread (ID: 89) has finished.
Thread (ID: 106) has finished.
Thread (ID: 110) has started.
Thread (ID: 113) has started.
Thread (ID: 109) has started.
Thread (ID: 112) has started.
Thread (ID: 115) has started.
Thread (ID: 116) has started.
Thread (ID: 102) has finished.
Thread (ID: 101) has finished.
Thread (ID: 117) has started.
Thread (ID: 117) has finished.
Thread (ID: 104) has finished.
Thread (ID: 121) has started.
Thread (ID: 119) has started.
Thread (ID: 109) has finished.
Thread (ID: 112) has finished.
Thread (ID: 115) has finished.
Thread (ID: 120) has started.
Thread (ID: 120) has finished.
Thread (ID: 118) has started.
Thread (ID: 126) has started.
Thread (ID: 126) has finished.
Thread (ID: 124) has started.
Thread (ID: 122) has started.
Thread (ID: 125) has started.
Thread (ID: 123) has started.
Thread (ID: 123) has finished.
Thread (ID: 113) has finished.
Thread (ID: 128) has started.
Thread (ID: 110) has finished.
Thread (ID: 127) has started.
Thread (ID: 118) has finished.
Thread (ID: 121) has finished.
Thread (ID: 107) has finished.
Thread (ID: 129) has started.
Thread (ID: 132) has started.
Thread (ID: 132) has finished.
Thread (ID: 119) has finished.
Thread (ID: 134) has started.
Thread (ID: 131) has started.
Thread (ID: 135) has started.
Thread (ID: 135) has finished.
Thread (ID: 133) has started.
Thread (ID: 116) has finished.
Thread (ID: 125) has finished.
Thread (ID: 124) has finished.
Thread (ID: 129) has finished.
Thread (ID: 139) has started.
Thread (ID: 140) has started.
Thread (ID: 122) has finished.
Thread (ID: 136) has started.
Thread (ID: 138) has started.
Thread (ID: 138) has finished.
Thread (ID: 128) has finished.
Thread (ID: 130) has started.
Thread (ID: 137) has started.
Thread (ID: 133) has finished.
Thread (ID: 141) has started.
Thread (ID: 141) has finished.
Thread (ID: 139) has finished.
Thread (ID: 145) has started.
Thread (ID: 134) has finished.
Thread (ID: 144) has started.
Thread (ID: 147) has started.
Thread (ID: 147) has finished.
Thread (ID: 142) has started.
Thread (ID: 148) has started.
Thread (ID: 146) has started.
Thread (ID: 136) has finished.
Thread (ID: 127) has finished.
Thread (ID: 140) has finished.
Thread (ID: 145) has finished.
Thread (ID: 130) has finished.
Thread (ID: 152) has started.
Thread (ID: 149) has started.
Thread (ID: 144) has finished.
Thread (ID: 150) has started.
Thread (ID: 150) has finished.
Thread (ID: 151) has started.
Thread (ID: 143) has started.
Thread (ID: 137) has finished.
Thread (ID: 153) has started.
Thread (ID: 156) has started.
Thread (ID: 156) has finished.
Thread (ID: 131) has finished.
Thread (ID: 157) has started.
Thread (ID: 158) has started.
Thread (ID: 142) has finished.
Thread (ID: 153) has finished.
Thread (ID: 148) has finished.
Thread (ID: 154) has started.
Thread (ID: 155) has started.
Thread (ID: 146) has finished.
Thread (ID: 159) has started.
Thread (ID: 159) has finished.
Thread (ID: 151) has finished.
Thread (ID: 163) has started.
Thread (ID: 162) has started.
Thread (ID: 164) has started.
Thread (ID: 161) has started.
Thread (ID: 152) has finished.
Thread (ID: 157) has finished.
Thread (ID: 143) has finished.
Thread (ID: 149) has finished.
Thread (ID: 162) has finished.
Thread (ID: 165) has started.
Thread (ID: 165) has finished.
Thread (ID: 160) has started.
Thread (ID: 170) has started.
Thread (ID: 163) has finished.
Thread (ID: 168) has started.
Thread (ID: 168) has finished.
Thread (ID: 171) has started.
Thread (ID: 171) has finished.
Thread (ID: 155) has finished.
Thread (ID: 167) has started.
Thread (ID: 174) has started.
Thread (ID: 174) has finished.
Thread (ID: 154) has finished.
Thread (ID: 166) has started.
Thread (ID: 172) has started.
Thread (ID: 173) has started.
Thread (ID: 169) has started.
Thread (ID: 161) has finished.
Thread (ID: 175) has started.
Thread (ID: 177) has started.
Thread (ID: 177) has finished.
Thread (ID: 164) has finished.
Thread (ID: 178) has started.
Thread (ID: 176) has started.
Thread (ID: 160) has finished.
Thread (ID: 158) has finished.
Thread (ID: 180) has started.
Thread (ID: 179) has started.
Thread (ID: 180) has finished.
Thread (ID: 181) has started.
Thread (ID: 172) has finished.
Thread (ID: 169) has finished.
Thread (ID: 166) has finished.
==88762== ---Thread-Announcement------------------------------------------
==88762== 
==88762== Thread #14 was created
==88762==    at 0x4C3EA23: clone (clone.S:76)
==88762==    by 0x4C3EBA2: __clone_internal_fallback (clone-internal.c:64)
==88762==    by 0x4C3EBA2: __clone_internal (clone-internal.c:109)
==88762==    by 0x4BB154F: create_thread (pthread_create.c:297)
==88762==    by 0x4BB21A4: pthread_create@@GLIBC_2.34 (pthread_create.c:836)
==88762==    by 0x4854975: ??? (in /usr/libexec/valgrind/vgpreload_helgrind-amd64-linux.so)
==88762==    by 0x4955EB0: std::thread::_M_start_thread(std::unique_ptr<std::thread::_State, std::default_delete<std::thread::_State> >, void (*)()) (in /usr/lib/x86_64-linux-gnu/libstdc++.so.6.0.33)
==88762==    by 0x10BEE8: std::thread::thread<void (ThreadPool::*)(), ThreadPool*, void>(void (ThreadPool::*&&)(), ThreadPool*&&) (std_thread.h:164)
==88762==    by 0x10A7BA: ThreadPool::ThreadPool(unsigned long) (thread-pool.cc:18)
==88762==    by 0x110648: simpleTest() (tptest.cc:21)
==88762==    by 0x110758: main (tptest.cc:39)
==88762== 
==88762== ---Thread-Announcement------------------------------------------
==88762== 
==88762== Thread #2 was created
==88762==    at 0x4C3EA23: clone (clone.S:76)
==88762==    by 0x4C3EBA2: __clone_internal_fallback (clone-internal.c:64)
==88762==    by 0x4C3EBA2: __clone_internal (clone-internal.c:109)
==88762==    by 0x4BB154F: create_thread (pthread_create.c:297)
==88762==    by 0x4BB21A4: pthread_create@@GLIBC_2.34 (pthread_create.c:836)
==88762==    by 0x4854975: ??? (in /usr/libexec/valgrind/vgpreload_helgrind-amd64-linux.so)
==88762==    by 0x4955EB0: std::thread::_M_start_thread(std::unique_ptr<std::thread::_State, std::default_delete<std::thread::_State> >, void (*)()) (in /usr/lib/x86_64-linux-gnu/libstdc++.so.6.0.33)
==88762==    by 0x10BDCC: std::thread::thread<void (ThreadPool::*)(unsigned long), ThreadPool*, unsigned long&, void>(void (ThreadPool::*&&)(unsigned long), ThreadPool*&&, unsigned long&) (std_thread.h:164)
==88762==    by 0x10A72B: ThreadPool::ThreadPool(unsigned long) (thread-pool.cc:13)
==88762==    by 0x110648: simpleTest() (tptest.cc:21)
==88762==    by 0x110758: main (tptest.cc:39)
==88762== 
==88762== ---Thread-Announcement------------------------------------------
==88762== 
==88762== Thread #1 is the program's root thread
==88762== 
==88762== ----------------------------------------------------------------
==88762== 
==88762==  Lock at 0x1FFEFFF990 was first observed
==88762==    at 0x48512DC: ??? (in /usr/libexec/valgrind/vgpreload_helgrind-amd64-linux.so)
==88762==    by 0x10B4F3: __gthread_mutex_lock(pthread_mutex_t*) (gthr-default.h:749)
==88762==    by 0x10B6A9: std::mutex::lock() (std_mutex.h:113)
==88762==    by 0x10BAF7: std::lock_guard<std::mutex>::lock_guard(std::mutex&) (std_mutex.h:249)
==88762==    by 0x10ACEA: ThreadPool::dispatcher() (thread-pool.cc:83)
==88762==    by 0x10F355: void std::__invoke_impl<void, void (ThreadPool::*)(), ThreadPool*>(std::__invoke_memfun_deref, void (ThreadPool::*&&)(), ThreadPool*&&) (invoke.h:74)
==88762==    by 0x10F1C7: std::__invoke_result<void (ThreadPool::*)(), ThreadPool*>::type std::__invoke<void (ThreadPool::*)(), ThreadPool*>(void (ThreadPool::*&&)(), ThreadPool*&&) (invoke.h:96)
==88762==    by 0x10F0BA: void std::thread::_Invoker<std::tuple<void (ThreadPool::*)(), ThreadPool*> >::_M_invoke<0ul, 1ul>(std::_Index_tuple<0ul, 1ul>) (std_thread.h:292)
==88762==    by 0x10F04F: std::thread::_Invoker<std::tuple<void (ThreadPool::*)(), ThreadPool*> >::operator()() (std_thread.h:299)
==88762==    by 0x10F00B: std::thread::_State_impl<std::thread::_Invoker<std::tuple<void (ThreadPool::*)(), ThreadPool*> > >::_M_run() (std_thread.h:244)
==88762==    by 0x4955DB3: ??? (in /usr/lib/x86_64-linux-gnu/libstdc++.so.6.0.33)
==88762==    by 0x4854B7A: ??? (in /usr/libexec/valgrind/vgpreload_helgrind-amd64-linux.so)
==88762==  Address 0x1ffefff990 is on thread #1's stack
==88762==  in frame #5, created by simpleTest() (tptest.cc:20)
==88762== 
==88762== Possible data race during read of size 1 at 0x4E27118 by thread #14
==88762== Locks held: none
==88762==    at 0x10AC33: ThreadPool::dispatcher() (thread-pool.cc:65)
==88762==    by 0x10F355: void std::__invoke_impl<void, void (ThreadPool::*)(), ThreadPool*>(std::__invoke_memfun_deref, void (ThreadPool::*&&)(), ThreadPool*&&) (invoke.h:74)
==88762==    by 0x10F1C7: std::__invoke_result<void (ThreadPool::*)(), ThreadPool*>::type std::__invoke<void (ThreadPool::*)(), ThreadPool*>(void (ThreadPool::*&&)(), ThreadPool*&&) (invoke.h:96)
==88762==    by 0x10F0BA: void std::thread::_Invoker<std::tuple<void (ThreadPool::*)(), ThreadPool*> >::_M_invoke<0ul, 1ul>(std::_Index_tuple<0ul, 1ul>) (std_thread.h:292)
==88762==    by 0x10F04F: std::thread::_Invoker<std::tuple<void (ThreadPool::*)(), ThreadPool*> >::operator()() (std_thread.h:299)
==88762==    by 0x10F00B: std::thread::_State_impl<std::thread::_Invoker<std::tuple<void (ThreadPool::*)(), ThreadPool*> > >::_M_run() (std_thread.h:244)
==88762==    by 0x4955DB3: ??? (in /usr/lib/x86_64-linux-gnu/libstdc++.so.6.0.33)
==88762==    by 0x4854B7A: ??? (in /usr/libexec/valgrind/vgpreload_helgrind-amd64-linux.so)
==88762==    by 0x4BB1AA3: start_thread (pthread_create.c:447)
==88762==    by 0x4C3EA33: clone (clone.S:100)
==88762== 
==88762== This conflicts with a previous write of size 1 by thread #2
==88762== Locks held: 1, at address 0x1FFEFFF990
==88762==    at 0x10B049: ThreadPool::worker(unsigned long) (thread-pool.cc:126)
==88762==    by 0x10F448: void std::__invoke_impl<void, void (ThreadPool::*)(unsigned long), ThreadPool*, unsigned long>(std::__invoke_memfun_deref, void (ThreadPool::*&&)(unsigned long), ThreadPool*&&, unsigned long&&) (invoke.h:74)
==88762==    by 0x10F2A5: std::__invoke_result<void (ThreadPool::*)(unsigned long), ThreadPool*, unsigned long>::type std::__invoke<void (ThreadPool::*)(unsigned long), ThreadPool*, unsigned long>(void (ThreadPool::*&&)(unsigned long), ThreadPool*&&, unsigned long&&) (invoke.h:96)
==88762==    by 0x10F124: void std::thread::_Invoker<std::tuple<void (ThreadPool::*)(unsigned long), ThreadPool*, unsigned long> >::_M_invoke<0ul, 1ul, 2ul>(std::_Index_tuple<0ul, 1ul, 2ul>) (std_thread.h:292)
==88762==    by 0x10F06F: std::thread::_Invoker<std::tuple<void (ThreadPool::*)(unsigned long), ThreadPool*, unsigned long> >::operator()() (std_thread.h:299)
==88762==    by 0x10F02F: std::thread::_State_impl<std::thread::_Invoker<std::tuple<void (ThreadPool::*)(unsigned long), ThreadPool*, unsigned long> > >::_M_run() (std_thread.h:244)
==88762==    by 0x4955DB3: ??? (in /usr/lib/x86_64-linux-gnu/libstdc++.so.6.0.33)
==88762==    by 0x4854B7A: ??? (in /usr/libexec/valgrind/vgpreload_helgrind-amd64-linux.so)
==88762==  Address 0x4e27118 is 152 bytes inside a block of size 1,920 alloc'd
==88762==    at 0x4849023: operator new(unsigned long) (in /usr/libexec/valgrind/vgpreload_helgrind-amd64-linux.so)
==88762==    by 0x10E6A7: std::__new_allocator<ThreadPool::Worker>::allocate(unsigned long, void const*) (new_allocator.h:151)
==88762==    by 0x10DA46: allocate (alloc_traits.h:482)
==88762==    by 0x10DA46: std::_Vector_base<ThreadPool::Worker, std::allocator<ThreadPool::Worker> >::_M_allocate(unsigned long) (stl_vector.h:381)
==88762==    by 0x10CEC2: std::_Vector_base<ThreadPool::Worker, std::allocator<ThreadPool::Worker> >::_M_create_storage(unsigned long) (stl_vector.h:398)
==88762==    by 0x10C462: std::_Vector_base<ThreadPool::Worker, std::allocator<ThreadPool::Worker> >::_Vector_base(unsigned long, std::allocator<ThreadPool::Worker> const&) (stl_vector.h:335)
==88762==    by 0x10BB62: std::vector<ThreadPool::Worker, std::allocator<ThreadPool::Worker> >::vector(unsigned long, std::allocator<ThreadPool::Worker> const&) (stl_vector.h:557)
==88762==    by 0x10A5FA: ThreadPool::ThreadPool(unsigned long) (thread-pool.cc:5)
==88762==    by 0x110648: simpleTest() (tptest.cc:21)
==88762==    by 0x110758: main (tptest.cc:39)
==88762==  Block was alloc'd by thread #1
==88762== 
Thread (ID: 175) has finished.
Thread (ID: 183) has started.
Thread (ID: 184) has started.
Thread (ID: 186) has started.
Thread (ID: 186) has finished.
Thread (ID: 181) has finished.
Thread (ID: 187) has started.
Thread (ID: 188) has started.
Thread (ID: 179) has finished.
Thread (ID: 170) has finished.
Thread (ID: 189) has started.
Thread (ID: 190) has started.
Thread (ID: 167) has finished.
Thread (ID: 183) has finished.
Thread (ID: 191) has started.
Thread (ID: 176) has finished.
Thread (ID: 182) has started.
Thread (ID: 178) has finished.
Thread (ID: 185) has started.
Thread (ID: 189) has finished.
Thread (ID: 194) has started.
Thread (ID: 192) has started.
Thread (ID: 192) has finished.
Thread (ID: 184) has finished.
Thread (ID: 187) has finished.
Thread (ID: 195) has started.
Thread (ID: 195) has finished.
Thread (ID: 196) has started.
Thread (ID: 199) has started.
Thread (ID: 197) has started.
Thread (ID: 198) has started.
Thread (ID: 198) has finished.
Thread (ID: 173) has finished.
Thread (ID: 200) has started.
Thread (ID: 193) has started.
Thread (ID: 190) has finished.
Thread (ID: 201) has started.
Thread (ID: 201) has finished.
Thread (ID: 188) has finished.
Thread (ID: 203) has started.
Thread (ID: 202) has started.
Thread (ID: 204) has started.
Thread (ID: 204) has finished.
Thread (ID: 196) has finished.
Thread (ID: 199) has finished.
Thread (ID: 206) has started.
Thread (ID: 207) has started.
Thread (ID: 207) has finished.
Thread (ID: 191) has finished.
Thread (ID: 208) has started.
Thread (ID: 209) has started.
Thread (ID: 185) has finished.
Thread (ID: 182) has finished.
Thread (ID: 194) has finished.
Thread (ID: 193) has finished.
Thread (ID: 212) has started.
Thread (ID: 213) has started.
Thread (ID: 213) has finished.
Thread (ID: 202) has finished.
Thread (ID: 205) has started.
Thread (ID: 197) has finished.
Thread (ID: 208) has finished.
Thread (ID: 211) has started.
Thread (ID: 214) has started.
Thread (ID: 215) has started.
Thread (ID: 203) has finished.
Thread (ID: 210) has started.
Thread (ID: 218) has started.
Thread (ID: 217) has started.
Thread (ID: 200) has finished.
Thread (ID: 216) has started.
Thread (ID: 219) has started.
Thread (ID: 219) has finished.
Thread (ID: 216) has finished.
Thread (ID: 210) has finished.
Thread (ID: 206) has finished.
Thread (ID: 220) has started.
Thread (ID: 221) has started.
Thread (ID: 214) has finished.
Thread (ID: 209) has finished.
Thread (ID: 224) has started.
Thread (ID: 223) has started.
Thread (ID: 211) has finished.
Thread (ID: 205) has finished.
Thread (ID: 222) has started.
Thread (ID: 222) has finished.
Thread (ID: 225) has started.
Thread (ID: 228) has started.
Thread (ID: 228) has finished.
Thread (ID: 227) has started.
Thread (ID: 229) has started.
Thread (ID: 225) has finished.
Thread (ID: 212) has finished.
Thread (ID: 223) has finished.
Thread (ID: 220) has finished.
Thread (ID: 226) has started.
Thread (ID: 217) has finished.
Thread (ID: 215) has finished.
Thread (ID: 234) has started.
Thread (ID: 234) has finished.
Thread (ID: 221) has finished.
Thread (ID: 236) has started.
Thread (ID: 233) has started.
Thread (ID: 218) has finished.
Thread (ID: 230) has started.
Thread (ID: 235) has started.
Thread (ID: 231) has started.
Thread (ID: 231) has finished.
Thread (ID: 237) has started.
Thread (ID: 239) has started.
Thread (ID: 229) has finished.
Thread (ID: 238) has started.
Thread (ID: 232) has started.
Thread (ID: 224) has finished.
Thread (ID: 226) has finished.
Thread (ID: 237) has finished.
Thread (ID: 240) has started.
Thread (ID: 235) has finished.
Thread (ID: 241) has started.
Thread (ID: 244) has started.
Thread (ID: 227) has finished.
Thread (ID: 243) has started.
Thread (ID: 245) has started.
Thread (ID: 242) has started.
Thread (ID: 240) has finished.
Thread (ID: 243) has finished.
Thread (ID: 236) has finished.
Thread (ID: 230) has finished.
Thread (ID: 246) has started.
Thread (ID: 246) has finished.
Thread (ID: 233) has finished.
Thread (ID: 250) has started.
Thread (ID: 247) has started.
Thread (ID: 251) has started.
Thread (ID: 241) has finished.
Thread (ID: 238) has finished.
Thread (ID: 249) has started.
Thread (ID: 252) has started.
Thread (ID: 239) has finished.
Thread (ID: 232) has finished.
Thread (ID: 248) has started.
Thread (ID: 254) has started.
Thread (ID: 253) has started.
Thread (ID: 244) has finished.
Thread (ID: 252) has finished.
Thread (ID: 256) has started.
Thread (ID: 257) has started.
Thread (ID: 249) has finished.
Thread (ID: 255) has started.
Thread (ID: 255) has finished.
Thread (ID: 250) has finished.
Thread (ID: 247) has finished.
Thread (ID: 245) has finished.
Thread (ID: 260) has started.
Thread (ID: 258) has started.
Thread (ID: 261) has started.
Thread (ID: 258) has finished.
Thread (ID: 251) has finished.
Thread (ID: 263) has started.
Thread (ID: 259) has started.
Thread (ID: 262) has started.
Thread (ID: 261) has finished.
Thread (ID: 242) has finished.
Thread (ID: 265) has started.
Thread (ID: 253) has finished.
Thread (ID: 266) has started.
Thread (ID: 256) has finished.
Thread (ID: 248) has finished.
Thread (ID: 268) has started.
Thread (ID: 269) has started.
Thread (ID: 267) has started.
Thread (ID: 267) has finished.
Thread (ID: 254) has finished.
Thread (ID: 270) has started.
Thread (ID: 270) has finished.
Thread (ID: 259) has finished.
Thread (ID: 272) has started.
Thread (ID: 271) has started.
Thread (ID: 264) has started.
Thread (ID: 264) has finished.
Thread (ID: 257) has finished.
Thread (ID: 274) has started.
Thread (ID: 262) has finished.
Thread (ID: 273) has started.
Thread (ID: 273) has finished.
Thread (ID: 260) has finished.
Thread (ID: 263) has finished.
Thread (ID: 268) has finished.
Thread (ID: 278) has started.
Thread (ID: 279) has started.
Thread (ID: 275) has started.
Thread (ID: 271) has finished.
Thread (ID: 277) has started.
Thread (ID: 281) has started.
Thread (ID: 280) has started.
Thread (ID: 274) has finished.
Thread (ID: 276) has started.
Thread (ID: 282) has started.
Thread (ID: 282) has finished.
Thread (ID: 269) has finished.
Thread (ID: 283) has started.
Thread (ID: 265) has finished.
Thread (ID: 284) has started.
Thread (ID: 266) has finished.
Thread (ID: 279) has finished.
Thread (ID: 272) has finished.
Thread (ID: 276) has finished.
Thread (ID: 287) has started.
Thread (ID: 289) has started.
Thread (ID: 288) has started.
Thread (ID: 288) has finished.
Thread (ID: 286) has started.
Thread (ID: 280) has finished.
Thread (ID: 285) has started.
Thread (ID: 291) has started.
Thread (ID: 291) has finished.
Thread (ID: 277) has finished.
Thread (ID: 283) has finished.
Thread (ID: 285) has finished.
Thread (ID: 275) has finished.
Thread (ID: 293) has started.
Thread (ID: 278) has finished.
Thread (ID: 294) has started.
Thread (ID: 297) has started.
Thread (ID: 297) has finished.
Thread (ID: 295) has started.
Thread (ID: 290) has started.
Thread (ID: 296) has started.
Thread (ID: 289) has finished.
Thread (ID: 281) has finished.
Thread (ID: 294) has finished.
Thread (ID: 300) has started.
Thread (ID: 286) has finished.
Thread (ID: 301) has started.
Thread (ID: 284) has finished.
Thread (ID: 302) has started.
Thread (ID: 303) has started.
Thread (ID: 303) has finished.
Thread (ID: 298) has started.
Thread (ID: 304) has started.
Thread (ID: 287) has finished.
Thread (ID: 292) has started.
Thread (ID: 300) has finished.
Thread (ID: 299) has started.
Thread (ID: 306) has started.
Thread (ID: 306) has finished.
Thread (ID: 295) has finished.
Thread (ID: 307) has started.
Thread (ID: 305) has started.
Thread (ID: 301) has finished.
Thread (ID: 308) has started.
Thread (ID: 309) has started.
Thread (ID: 298) has finished.
Thread (ID: 309) has finished.
Thread (ID: 310) has started.
Thread (ID: 311) has started.
Thread (ID: 290) has finished.
Thread (ID: 296) has finished.
Thread (ID: 304) has finished.
Thread (ID: 292) has finished.
Thread (ID: 302) has finished.
Thread (ID: 312) has started.
Thread (ID: 316) has started.
Thread (ID: 307) has finished.
Thread (ID: 293) has finished.
Thread (ID: 317) has started.
Thread (ID: 314) has started.
Thread (ID: 310) has finished.
Thread (ID: 312) has finished.
Thread (ID: 319) has started.
Thread (ID: 318) has started.
Thread (ID: 318) has finished.
Thread (ID: 305) has finished.
Thread (ID: 321) has started.
Thread (ID: 321) has finished.
Thread (ID: 313) has started.
Thread (ID: 316) has finished.
Thread (ID: 299) has finished.
Thread (ID: 320) has started.
Thread (ID: 325) has started.
Thread (ID: 323) has started.
Thread (ID: 319) has finished.
Thread (ID: 315) has started.
Thread (ID: 315) has finished.
Thread (ID: 308) has finished.
Thread (ID: 311) has finished.
Thread (ID: 328) has started.
Thread (ID: 326) has started.
Thread (ID: 324) has started.
Thread (ID: 324) has finished.
Thread (ID: 322) has started.
Thread (ID: 330) has started.
Thread (ID: 330) has finished.
Thread (ID: 317) has finished.
Thread (ID: 331) has started.
Thread (ID: 329) has started.
Thread (ID: 314) has finished.
Thread (ID: 313) has finished.
Thread (ID: 325) has finished.
Thread (ID: 327) has started.
Thread (ID: 335) has started.
Thread (ID: 334) has started.
Thread (ID: 333) has started.
Thread (ID: 333) has finished.
Thread (ID: 327) has finished.
Thread (ID: 336) has started.
Thread (ID: 331) has finished.
Thread (ID: 328) has finished.
Thread (ID: 338) has started.
Thread (ID: 339) has started.
Thread (ID: 339) has finished.
Thread (ID: 332) has started.
Thread (ID: 337) has started.
Thread (ID: 336) has finished.
Thread (ID: 322) has finished.
Thread (ID: 320) has finished.
Thread (ID: 323) has finished.
Thread (ID: 343) has started.
Thread (ID: 344) has started.
Thread (ID: 334) has finished.
Thread (ID: 341) has started.
Thread (ID: 342) has started.
Thread (ID: 342) has finished.
Thread (ID: 329) has finished.
Thread (ID: 326) has finished.
Thread (ID: 345) has started.
Thread (ID: 345) has finished.
Thread (ID: 335) has finished.
Thread (ID: 346) has started.
Thread (ID: 350) has started.
Thread (ID: 347) has started.
Thread (ID: 348) has started.
Thread (ID: 348) has finished.
Thread (ID: 349) has started.
Thread (ID: 351) has started.
Thread (ID: 351) has finished.
Thread (ID: 340) has started.
Thread (ID: 338) has finished.
Thread (ID: 337) has finished.
Thread (ID: 332) has finished.
Thread (ID: 343) has finished.
Thread (ID: 355) has started.
Thread (ID: 346) has finished.
Thread (ID: 356) has started.
Thread (ID: 341) has finished.
Thread (ID: 344) has finished.
Thread (ID: 354) has started.
Thread (ID: 354) has finished.
Thread (ID: 352) has started.
Thread (ID: 360) has started.
Thread (ID: 360) has finished.
Thread (ID: 358) has started.
Thread (ID: 361) has started.
Thread (ID: 340) has finished.
Thread (ID: 357) has started.
Thread (ID: 350) has finished.
Thread (ID: 359) has started.
Thread (ID: 355) has finished.
Thread (ID: 362) has started.
Thread (ID: 347) has finished.
Thread (ID: 357) has finished.
Thread (ID: 349) has finished.
Thread (ID: 363) has started.
Thread (ID: 363) has finished.
Thread (ID: 361) has finished.
Thread (ID: 358) has finished.
Thread (ID: 365) has started.
Thread (ID: 369) has started.
Thread (ID: 370) has started.
Thread (ID: 353) has started.
Thread (ID: 364) has started.
Thread (ID: 367) has started.
Thread (ID: 368) has started.
Thread (ID: 352) has finished.
Thread (ID: 366) has started.
Thread (ID: 371) has started.
Thread (ID: 356) has finished.
Thread (ID: 369) has finished.
Thread (ID: 372) has started.
Thread (ID: 372) has finished.
Thread (ID: 366) has finished.
Thread (ID: 373) has started.
Thread (ID: 370) has finished.
Thread (ID: 375) has started.
Thread (ID: 364) has finished.
Thread (ID: 375) has finished.
Thread (ID: 377) has started.
Thread (ID: 367) has finished.
Thread (ID: 376) has started.
Thread (ID: 378) has started.
Thread (ID: 378) has finished.
Thread (ID: 362) has finished.
Thread (ID: 380) has started.
Thread (ID: 359) has finished.
Thread (ID: 368) has finished.
Thread (ID: 382) has started.
Thread (ID: 371) has finished.
Thread (ID: 353) has finished.
Thread (ID: 381) has started.
Thread (ID: 376) has finished.
Thread (ID: 374) has started.
Thread (ID: 386) has started.
Thread (ID: 365) has finished.
Thread (ID: 379) has started.
Thread (ID: 387) has started.
Thread (ID: 387) has finished.
Thread (ID: 381) has finished.
Thread (ID: 373) has finished.
Thread (ID: 388) has started.
Thread (ID: 382) has finished.
Thread (ID: 389) has started.
Thread (ID: 385) has started.
Thread (ID: 377) has finished.
Thread (ID: 383) has started.
Thread (ID: 390) has started.
Thread (ID: 390) has finished.
Thread (ID: 391) has started.
Thread (ID: 392) has started.
Thread (ID: 384) has started.
Thread (ID: 384) has finished.
Thread (ID: 380) has finished.
Thread (ID: 379) has finished.
Thread (ID: 395) has started.
Thread (ID: 394) has started.
Thread (ID: 385) has finished.
Thread (ID: 396) has started.
Thread (ID: 374) has finished.
Thread (ID: 388) has finished.
Thread (ID: 391) has finished.
Thread (ID: 399) has started.
Thread (ID: 399) has finished.
Thread (ID: 386) has finished.
Thread (ID: 398) has started.
Thread (ID: 402) has started.
Thread (ID: 402) has finished.
Thread (ID: 393) has started.
Thread (ID: 393) has finished.
Thread (ID: 383) has finished.
Thread (ID: 404) has started.
Thread (ID: 397) has started.
Thread (ID: 396) has finished.
Thread (ID: 389) has finished.
Thread (ID: 403) has started.
Thread (ID: 394) has finished.
Thread (ID: 400) has started.
Thread (ID: 401) has started.
Thread (ID: 405) has started.
Thread (ID: 405) has finished.
Thread (ID: 406) has started.
Thread (ID: 407) has started.
Thread (ID: 408) has started.
Thread (ID: 408) has finished.
Thread (ID: 392) has finished.
Thread (ID: 410) has started.
Thread (ID: 395) has finished.
Thread (ID: 411) has started.
Thread (ID: 411) has finished.
Thread (ID: 397) has finished.
Thread (ID: 400) has finished.
Thread (ID: 406) has finished.
Thread (ID: 409) has started.
Thread (ID: 398) has finished.
Thread (ID: 404) has finished.
Thread (ID: 413) has started.
Thread (ID: 403) has finished.
Thread (ID: 415) has started.
Thread (ID: 412) has started.
Thread (ID: 414) has started.
Thread (ID: 414) has finished.
Thread (ID: 417) has started.
Thread (ID: 401) has finished.
Thread (ID: 419) has started.
Thread (ID: 421) has started.
Thread (ID: 420) has started.
Thread (ID: 407) has finished.
Thread (ID: 409) has finished.
Thread (ID: 422) has started.
Thread (ID: 410) has finished.
Thread (ID: 418) has started.
Thread (ID: 424) has started.
Thread (ID: 415) has finished.
Thread (ID: 423) has started.
Thread (ID: 425) has started.
Thread (ID: 417) has finished.
Thread (ID: 412) has finished.
Thread (ID: 426) has started.
Thread (ID: 427) has started.
Thread (ID: 423) has finished.
Thread (ID: 416) has started.
Thread (ID: 421) has finished.
Thread (ID: 420) has finished.
Thread (ID: 429) has started.
Thread (ID: 429) has finished.
Thread (ID: 424) has finished.
Thread (ID: 413) has finished.
Thread (ID: 432) has started.
Thread (ID: 432) has finished.
Thread (ID: 419) has finished.
Thread (ID: 428) has started.
Thread (ID: 435) has started.
Thread (ID: 435) has finished.
Thread (ID: 418) has finished.
Thread (ID: 430) has started.
Thread (ID: 433) has started.
Thread (ID: 434) has started.
Thread (ID: 427) has finished.
Thread (ID: 426) has finished.
Thread (ID: 422) has finished.
Thread (ID: 439) has started.
Thread (ID: 440) has started.
Thread (ID: 437) has started.
Thread (ID: 438) has started.
Thread (ID: 438) has finished.
Thread (ID: 431) has started.
Thread (ID: 441) has started.
Thread (ID: 441) has finished.
Thread (ID: 416) has finished.
Thread (ID: 430) has finished.
Thread (ID: 433) has finished.
Thread (ID: 442) has started.
Thread (ID: 436) has started.
Thread (ID: 425) has finished.
Thread (ID: 444) has started.
Thread (ID: 444) has finished.
Thread (ID: 428) has finished.
Thread (ID: 446) has started.
Thread (ID: 439) has finished.
Thread (ID: 445) has started.
Thread (ID: 449) has started.
Thread (ID: 447) has started.
Thread (ID: 447) has finished.
Thread (ID: 443) has started.
Thread (ID: 434) has finished.
Thread (ID: 448) has started.
Thread (ID: 451) has started.
Thread (ID: 442) has finished.
Thread (ID: 437) has finished.
Thread (ID: 450) has started.
Thread (ID: 450) has finished.
Thread (ID: 431) has finished.
Thread (ID: 436) has finished.
Thread (ID: 445) has finished.
Thread (ID: 453) has started.
Thread (ID: 453) has finished.
Thread (ID: 454) has started.
Thread (ID: 448) has finished.
Thread (ID: 455) has started.
Thread (ID: 456) has started.
Thread (ID: 456) has finished.
Thread (ID: 457) has started.
Thread (ID: 458) has started.
Thread (ID: 451) has finished.
Thread (ID: 449) has finished.
Thread (ID: 461) has started.
Thread (ID: 459) has started.
Thread (ID: 462) has started.
Thread (ID: 462) has finished.
Thread (ID: 460) has started.
Thread (ID: 440) has finished.
Thread (ID: 443) has finished.
Thread (ID: 464) has started.
Thread (ID: 459) has finished.
Thread (ID: 446) has finished.
Thread (ID: 466) has started.
Thread (ID: 454) has finished.
Thread (ID: 468) has started.
Thread (ID: 468) has finished.
Thread (ID: 457) has finished.
Thread (ID: 469) has started.
Thread (ID: 470) has started.
Thread (ID: 452) has started.
Thread (ID: 465) has started.
Thread (ID: 465) has finished.
Thread (ID: 460) has finished.
Thread (ID: 455) has finished.
Thread (ID: 473) has started.
Thread (ID: 458) has finished.
Thread (ID: 463) has started.
Thread (ID: 466) has finished.
Thread (ID: 464) has finished.
Thread (ID: 475) has started.
Thread (ID: 469) has finished.
Thread (ID: 476) has started.
Thread (ID: 472) has started.
Thread (ID: 467) has started.
Thread (ID: 474) has started.
Thread (ID: 474) has finished.
Thread (ID: 477) has started.
Thread (ID: 477) has finished.
Thread (ID: 479) has started.
Thread (ID: 478) has started.
Thread (ID: 471) has started.
Thread (ID: 471) has finished.
Thread (ID: 463) has finished.
Thread (ID: 475) has finished.
Thread (ID: 452) has finished.
Thread (ID: 481) has started.
Thread (ID: 472) has finished.
Thread (ID: 480) has started.
Thread (ID: 484) has started.
Thread (ID: 482) has started.
Thread (ID: 461) has finished.
Thread (ID: 483) has started.
Thread (ID: 470) has finished.
Thread (ID: 478) has finished.
Thread (ID: 473) has finished.
Thread (ID: 487) has started.
Thread (ID: 488) has started.
Thread (ID: 467) has finished.
Thread (ID: 476) has finished.
Thread (ID: 484) has finished.
Thread (ID: 479) has finished.
Thread (ID: 491) has started.
Thread (ID: 486) has started.
Thread (ID: 486) has finished.
Thread (ID: 489) has started.
Thread (ID: 489) has finished.
Thread (ID: 490) has started.
Thread (ID: 481) has finished.
Thread (ID: 485) has started.
Thread (ID: 495) has started.
Thread (ID: 495) has finished.
Thread (ID: 483) has finished.
Thread (ID: 497) has started.
Thread (ID: 487) has finished.
Thread (ID: 494) has started.
Thread (ID: 498) has started.
Thread (ID: 498) has finished.
Thread (ID: 480) has finished.
Thread (ID: 499) has started.
Thread (ID: 493) has started.
Thread (ID: 491) has finished.
Thread (ID: 482) has finished.
Thread (ID: 501) has started.
Thread (ID: 502) has started.
Thread (ID: 496) has started.
Thread (ID: 500) has started.
Thread (ID: 492) has started.
Thread (ID: 492) has finished.
Thread (ID: 488) has finished.
Thread (ID: 501) has finished.
Thread (ID: 504) has started.
Thread (ID: 504) has finished.
Thread (ID: 490) has finished.
Thread (ID: 506) has started.
Thread (ID: 499) has finished.
Thread (ID: 505) has started.
Thread (ID: 508) has started.
Thread (ID: 503) has started.
Thread (ID: 497) has finished.
Thread (ID: 485) has finished.
Thread (ID: 509) has started.
Thread (ID: 494) has finished.
Thread (ID: 502) has finished.
Thread (ID: 511) has started.
Thread (ID: 512) has started.
Thread (ID: 507) has started.
Thread (ID: 507) has finished.
Thread (ID: 496) has finished.
Thread (ID: 493) has finished.
Thread (ID: 500) has finished.
Thread (ID: 513) has started.
Thread (ID: 513) has finished.
Thread (ID: 510) has started.
Thread (ID: 510) has finished.
Thread (ID: 508) has finished.
Thread (ID: 514) has started.
Thread (ID: 519) has started.
Thread (ID: 519) has finished.
Thread (ID: 517) has started.
Thread (ID: 505) has finished.
Thread (ID: 518) has started.
Thread (ID: 521) has started.
Thread (ID: 515) has started.
Thread (ID: 506) has finished.
Thread (ID: 516) has started.
Thread (ID: 516) has finished.
Thread (ID: 511) has finished.
Thread (ID: 509) has finished.
Thread (ID: 522) has started.
Thread (ID: 522) has finished.
Thread (ID: 520) has started.
Thread (ID: 503) has finished.
Thread (ID: 514) has finished.
Thread (ID: 524) has started.
Thread (ID: 528) has started.
Thread (ID: 528) has finished.
Thread (ID: 526) has started.
Thread (ID: 525) has started.
Thread (ID: 525) has finished.
Thread (ID: 512) has finished.
Thread (ID: 530) has started.
Thread (ID: 523) has started.
Thread (ID: 529) has started.
Thread (ID: 517) has finished.
Thread (ID: 520) has finished.
Thread (ID: 532) has started.
Thread (ID: 533) has started.
Thread (ID: 515) has finished.
Thread (ID: 531) has started.
Thread (ID: 534) has started.
Thread (ID: 534) has finished.
Thread (ID: 527) has started.
Thread (ID: 518) has finished.
Thread (ID: 531) has finished.
Thread (ID: 526) has finished.
Thread (ID: 529) has finished.
Thread (ID: 538) has started.
Thread (ID: 539) has started.
Thread (ID: 523) has finished.
Thread (ID: 537) has started.
Thread (ID: 524) has finished.
Thread (ID: 537) has finished.
Thread (ID: 535) has started.
Thread (ID: 541) has started.
Thread (ID: 532) has finished.
Thread (ID: 540) has started.
Thread (ID: 530) has finished.
Thread (ID: 536) has started.
Thread (ID: 542) has started.
Thread (ID: 543) has started.
Thread (ID: 543) has finished.
Thread (ID: 538) has finished.
Thread (ID: 545) has started.
Thread (ID: 521) has finished.
Thread (ID: 540) has finished.
Thread (ID: 547) has started.
Thread (ID: 535) has finished.
Thread (ID: 546) has started.
Thread (ID: 546) has finished.
Thread (ID: 527) has finished.
Thread (ID: 550) has started.
Thread (ID: 533) has finished.
Thread (ID: 551) has started.
Thread (ID: 549) has started.
Thread (ID: 549) has finished.
Thread (ID: 541) has finished.
Thread (ID: 553) has started.
Thread (ID: 554) has started.
Thread (ID: 552) has started.
Thread (ID: 552) has finished.
Thread (ID: 539) has finished.
Thread (ID: 547) has finished.
Thread (ID: 544) has started.
Thread (ID: 536) has finished.
Thread (ID: 557) has started.
Thread (ID: 558) has started.
Thread (ID: 558) has finished.
Thread (ID: 556) has started.
Thread (ID: 559) has started.
Thread (ID: 550) has finished.
Thread (ID: 542) has finished.
Thread (ID: 555) has started.
Thread (ID: 553) has finished.
Thread (ID: 548) has started.
Thread (ID: 562) has started.
Thread (ID: 561) has started.
Thread (ID: 561) has finished.
Thread (ID: 555) has finished.
Thread (ID: 544) has finished.
Thread (ID: 545) has finished.
Thread (ID: 563) has started.
Thread (ID: 565) has started.
Thread (ID: 556) has finished.
Thread (ID: 560) has started.
Thread (ID: 567) has started.
Thread (ID: 567) has finished.
Thread (ID: 559) has finished.
Thread (ID: 568) has started.
Thread (ID: 569) has started.
Thread (ID: 551) has finished.
Thread (ID: 554) has finished.
Thread (ID: 562) has finished.
Thread (ID: 566) has started.
Thread (ID: 572) has started.
Thread (ID: 570) has started.
Thread (ID: 570) has finished.
Thread (ID: 564) has started.
Thread (ID: 573) has started.
Thread (ID: 573) has finished.
Thread (ID: 571) has started.
Thread (ID: 564) has finished.
Thread (ID: 557) has finished.
Thread (ID: 565) has finished.
Thread (ID: 574) has started.
Thread (ID: 577) has started.
Thread (ID: 576) has started.
Thread (ID: 576) has finished.
Thread (ID: 568) has finished.
Thread (ID: 578) has started.
Thread (ID: 575) has started.
Thread (ID: 548) has finished.
Thread (ID: 579) has started.
Thread (ID: 579) has finished.
Thread (ID: 580) has started.
Thread (ID: 581) has started.
Thread (ID: 563) has finished.
Thread (ID: 571) has finished.
Thread (ID: 560) has finished.
Thread (ID: 582) has started.
Thread (ID: 583) has started.
Thread (ID: 569) has finished.
Thread (ID: 584) has started.
Thread (ID: 585) has started.
Thread (ID: 585) has finished.
Thread (ID: 577) has finished.
Thread (ID: 586) has started.
Thread (ID: 574) has finished.
Thread (ID: 582) has finished.
Thread (ID: 566) has finished.
Thread (ID: 572) has finished.
Thread (ID: 589) has started.
Thread (ID: 580) has finished.
Thread (ID: 591) has started.
Thread (ID: 592) has started.
Thread (ID: 588) has started.
Thread (ID: 588) has finished.
Thread (ID: 590) has started.
Thread (ID: 583) has finished.
Thread (ID: 587) has started.
Thread (ID: 594) has started.
Thread (ID: 594) has finished.
Thread (ID: 593) has started.
Thread (ID: 595) has started.
Thread (ID: 591) has finished.
Thread (ID: 586) has finished.
Thread (ID: 596) has started.
Thread (ID: 581) has finished.
Thread (ID: 578) has finished.
Thread (ID: 575) has finished.
Thread (ID: 589) has finished.
Thread (ID: 598) has started.
Thread (ID: 592) has finished.
Thread (ID: 584) has finished.
Thread (ID: 602) has started.
Thread (ID: 603) has started.
Thread (ID: 603) has finished.
Thread (ID: 597) has started.
Thread (ID: 604) has started.
Thread (ID: 600) has started.
Thread (ID: 600) has finished.
Thread (ID: 599) has started.
Thread (ID: 597) has finished.
Thread (ID: 595) has finished.
Thread (ID: 606) has started.
Thread (ID: 605) has started.
Thread (ID: 601) has started.
Thread (ID: 606) has finished.
Thread (ID: 607) has started.
Thread (ID: 608) has started.
Thread (ID: 590) has finished.
Thread (ID: 598) has finished.
Thread (ID: 587) has finished.
Thread (ID: 609) has started.
Thread (ID: 611) has started.
Thread (ID: 610) has started.
Thread (ID: 593) has finished.
Thread (ID: 609) has finished.
Thread (ID: 612) has started.
Thread (ID: 613) has started.
Thread (ID: 601) has finished.
Thread (ID: 596) has finished.
Thread (ID: 607) has finished.
Thread (ID: 604) has finished.
Thread (ID: 614) has started.
Thread (ID: 602) has finished.
Thread (ID: 615) has started.
Thread (ID: 618) has started.
Thread (ID: 618) has finished.
Thread (ID: 612) has finished.
Thread (ID: 619) has started.
Thread (ID: 610) has finished.
Thread (ID: 617) has started.
Thread (ID: 621) has started.
Thread (ID: 605) has finished.
Thread (ID: 620) has started.
Thread (ID: 622) has started.
Thread (ID: 616) has started.
Thread (ID: 613) has finished.
Thread (ID: 599) has finished.
Thread (ID: 621) has finished.
Thread (ID: 608) has finished.
Thread (ID: 624) has started.
Thread (ID: 624) has finished.
Thread (ID: 611) has finished.
Thread (ID: 627) has started.
Thread (ID: 628) has started.
Thread (ID: 625) has started.
Thread (ID: 626) has started.
Thread (ID: 619) has finished.
Thread (ID: 615) has finished.
Thread (ID: 623) has started.
Thread (ID: 627) has finished.
Thread (ID: 614) has finished.
Thread (ID: 631) has started.
Thread (ID: 632) has started.
Thread (ID: 629) has started.
Thread (ID: 630) has started.
Thread (ID: 630) has finished.
Thread (ID: 622) has finished.
Thread (ID: 633) has started.
Thread (ID: 633) has finished.
Thread (ID: 634) has started.
Thread (ID: 616) has finished.
Thread (ID: 617) has finished.
Thread (ID: 636) has started.
Thread (ID: 635) has started.
Thread (ID: 628) has finished.
Thread (ID: 625) has finished.
Thread (ID: 638) has started.
Thread (ID: 620) has finished.
Thread (ID: 637) has started.
Thread (ID: 631) has finished.
Thread (ID: 639) has started.
Thread (ID: 641) has started.
Thread (ID: 636) has finished.
Thread (ID: 640) has started.
Thread (ID: 634) has finished.
Thread (ID: 642) has started.
Thread (ID: 626) has finished.
Thread (ID: 642) has finished.
Thread (ID: 644) has started.
Thread (ID: 645) has started.
Thread (ID: 645) has finished.
Thread (ID: 623) has finished.
Thread (ID: 632) has finished.
Thread (ID: 639) has finished.
Thread (ID: 648) has started.
Thread (ID: 629) has finished.
Thread (ID: 643) has started.
Thread (ID: 646) has started.
Thread (ID: 647) has started.
Thread (ID: 637) has finished.
Thread (ID: 648) has finished.
Thread (ID: 651) has started.
Thread (ID: 652) has started.
Thread (ID: 640) has finished.
Thread (ID: 635) has finished.
Thread (ID: 653) has started.
Thread (ID: 650) has started.
Thread (ID: 651) has finished.
Thread (ID: 638) has finished.
Thread (ID: 649) has started.
Thread (ID: 654) has started.
Thread (ID: 654) has finished.
Thread (ID: 656) has started.
Thread (ID: 655) has started.
Thread (ID: 641) has finished.
Thread (ID: 657) has started.
Thread (ID: 646) has finished.
Thread (ID: 657) has finished.
Thread (ID: 643) has finished.
Thread (ID: 658) has started.
Thread (ID: 652) has finished.
Thread (ID: 644) has finished.
Thread (ID: 661) has started.
Thread (ID: 663) has started.
Thread (ID: 663) has finished.
Thread (ID: 662) has started.
Thread (ID: 664) has started.
Thread (ID: 660) has started.
Thread (ID: 660) has finished.
Thread (ID: 659) has started.
Thread (ID: 655) has finished.
Thread (ID: 649) has finished.
Thread (ID: 666) has started.
Thread (ID: 665) has started.
Thread (ID: 647) has finished.
Thread (ID: 666) has finished.
Thread (ID: 667) has started.
Thread (ID: 668) has started.
Thread (ID: 658) has finished.
Thread (ID: 653) has finished.
Thread (ID: 670) has started.
Thread (ID: 671) has started.
Thread (ID: 669) has started.
Thread (ID: 669) has finished.
Thread (ID: 661) has finished.
Thread (ID: 672) has started.
Thread (ID: 673) has started.
Thread (ID: 664) has finished.
Thread (ID: 650) has finished.
Thread (ID: 656) has finished.
Thread (ID: 672) has finished.
Thread (ID: 676) has started.
Thread (ID: 675) has started.
Thread (ID: 675) has finished.
Thread (ID: 677) has started.
Thread (ID: 678) has started.
Thread (ID: 678) has finished.
Thread (ID: 667) has finished.
Thread (ID: 674) has started.
Thread (ID: 670) has finished.
Thread (ID: 679) has started.
Thread (ID: 662) has finished.
Thread (ID: 680) has started.
Thread (ID: 682) has started.
Thread (ID: 659) has finished.
Thread (ID: 673) has finished.
Thread (ID: 665) has finished.
Thread (ID: 683) has started.
Thread (ID: 676) has finished.
Thread (ID: 684) has started.
Thread (ID: 686) has started.
Thread (ID: 685) has started.
Thread (ID: 684) has finished.
Thread (ID: 681) has started.
Thread (ID: 671) has finished.
Thread (ID: 681) has finished.
Thread (ID: 687) has started.
Thread (ID: 689) has started.
Thread (ID: 687) has finished.
Thread (ID: 668) has finished.
Thread (ID: 690) has started.
Thread (ID: 682) has finished.
Thread (ID: 688) has started.
Thread (ID: 679) has finished.
Thread (ID: 690) has finished.
Thread (ID: 691) has started.
Thread (ID: 685) has finished.
Thread (ID: 693) has started.
Thread (ID: 694) has started.
Thread (ID: 677) has finished.
Thread (ID: 692) has started.
Thread (ID: 693) has finished.
Thread (ID: 695) has started.
Thread (ID: 697) has started.
Thread (ID: 696) has started.
Thread (ID: 696) has finished.
Thread (ID: 680) has finished.
Thread (ID: 698) has started.
Thread (ID: 674) has finished.
Thread (ID: 699) has started.
Thread (ID: 683) has finished.
Thread (ID: 700) has started.
Thread (ID: 688) has finished.
Thread (ID: 686) has finished.
Thread (ID: 701) has started.
Thread (ID: 699) has finished.
Thread (ID: 694) has finished.
Thread (ID: 704) has started.
Thread (ID: 705) has started.
Thread (ID: 705) has finished.
Thread (ID: 702) has started.
Thread (ID: 697) has finished.
Thread (ID: 703) has started.
Thread (ID: 691) has finished.
Thread (ID: 702) has finished.
Thread (ID: 689) has finished.
Thread (ID: 708) has started.
Thread (ID: 708) has finished.
Thread (ID: 710) has started.
Thread (ID: 709) has started.
Thread (ID: 707) has started.
Thread (ID: 700) has finished.
Thread (ID: 706) has started.
Thread (ID: 692) has finished.
Thread (ID: 712) has started.
Thread (ID: 695) has finished.
Thread (ID: 713) has started.
Thread (ID: 714) has started.
Thread (ID: 714) has finished.
Thread (ID: 703) has finished.
Thread (ID: 711) has started.
Thread (ID: 711) has finished.
Thread (ID: 698) has finished.
Thread (ID: 717) has started.
Thread (ID: 718) has started.
Thread (ID: 715) has started.
Thread (ID: 716) has started.
Thread (ID: 717) has finished.
Thread (ID: 701) has finished.
Thread (ID: 709) has finished.
Thread (ID: 719) has started.
Thread (ID: 704) has finished.
Thread (ID: 706) has finished.
Thread (ID: 721) has started.
Thread (ID: 720) has started.
Thread (ID: 720) has finished.
Thread (ID: 722) has started.
Thread (ID: 723) has started.
Thread (ID: 723) has finished.
Thread (ID: 724) has started.
Thread (ID: 725) has started.
Thread (ID: 712) has finished.
Thread (ID: 718) has finished.
Thread (ID: 726) has started.
Thread (ID: 726) has finished.
Thread (ID: 715) has finished.
Thread (ID: 710) has finished.
Thread (ID: 727) has started.
Thread (ID: 730) has started.
Thread (ID: 721) has finished.
Thread (ID: 729) has started.
Thread (ID: 731) has started.
Thread (ID: 713) has finished.
Thread (ID: 728) has started.
Thread (ID: 707) has finished.
Thread (ID: 729) has finished.
Thread (ID: 724) has finished.
Thread (ID: 733) has started.
Thread (ID: 732) has started.
Thread (ID: 735) has started.
Thread (ID: 735) has finished.
Thread (ID: 734) has started.
Thread (ID: 736) has started.
Thread (ID: 716) has finished.
Thread (ID: 732) has finished.
Thread (ID: 719) has finished.
Thread (ID: 737) has started.
Thread (ID: 738) has started.
Thread (ID: 738) has finished.
Thread (ID: 722) has finished.
Thread (ID: 740) has started.
Thread (ID: 727) has finished.
Thread (ID: 725) has finished.
Thread (ID: 742) has started.
Thread (ID: 741) has started.
Thread (ID: 733) has finished.
Thread (ID: 739) has started.
Thread (ID: 743) has started.
Thread (ID: 741) has finished.
Thread (ID: 730) has finished.
Thread (ID: 745) has started.
Thread (ID: 746) has started.
Thread (ID: 744) has started.
Thread (ID: 744) has finished.
Thread (ID: 731) has finished.
Thread (ID: 747) has started.
Thread (ID: 736) has finished.
Thread (ID: 728) has finished.
Thread (ID: 749) has started.
Thread (ID: 748) has started.
Thread (ID: 747) has finished.
Thread (ID: 742) has finished.
Thread (ID: 750) has started.
Thread (ID: 750) has finished.
Thread (ID: 739) has finished.
Thread (ID: 734) has finished.
Thread (ID: 753) has started.
Thread (ID: 753) has finished.
Thread (ID: 745) has finished.
Thread (ID: 754) has started.
Thread (ID: 756) has started.
Thread (ID: 756) has finished.
Thread (ID: 757) has started.
Thread (ID: 758) has started.
Thread (ID: 751) has started.
Thread (ID: 740) has finished.
Thread (ID: 752) has started.
Thread (ID: 759) has started.
Thread (ID: 759) has finished.
Thread (ID: 748) has finished.
Thread (ID: 743) has finished.
Thread (ID: 746) has finished.
Thread (ID: 762) has started.
Thread (ID: 762) has finished.
Thread (ID: 761) has started.
Thread (ID: 755) has started.
Thread (ID: 757) has finished.
Thread (ID: 737) has finished.
Thread (ID: 760) has started.
Thread (ID: 754) has finished.
Thread (ID: 764) has started.
Thread (ID: 749) has finished.
Thread (ID: 763) has started.
Thread (ID: 768) has started.
Thread (ID: 768) has finished.
Thread (ID: 766) has started.
Thread (ID: 769) has started.
Thread (ID: 751) has finished.
Thread (ID: 765) has started.
Thread (ID: 765) has finished.
Thread (ID: 770) has started.
Thread (ID: 767) has started.
Thread (ID: 758) has finished.
Thread (ID: 771) has started.
Thread (ID: 771) has finished.
Thread (ID: 760) has finished.
Thread (ID: 773) has started.
Thread (ID: 752) has finished.
Thread (ID: 772) has started.
Thread (ID: 774) has started.
Thread (ID: 774) has finished.
Thread (ID: 763) has finished.
Thread (ID: 769) has finished.
Thread (ID: 776) has started.
Thread (ID: 766) has finished.
Thread (ID: 775) has started.
Thread (ID: 777) has started.
Thread (ID: 777) has finished.
Thread (ID: 761) has finished.
Thread (ID: 755) has finished.
Thread (ID: 779) has started.
Thread (ID: 778) has started.
Thread (ID: 780) has started.
Thread (ID: 780) has finished.
Thread (ID: 781) has started.
Thread (ID: 783) has started.
Thread (ID: 783) has finished.
Thread (ID: 764) has finished.
Thread (ID: 772) has finished.
Thread (ID: 785) has started.
Thread (ID: 786) has started.
Thread (ID: 786) has finished.
Thread (ID: 784) has started.
Thread (ID: 787) has started.
Thread (ID: 767) has finished.
Thread (ID: 782) has started.
Thread (ID: 770) has finished.
Thread (ID: 773) has finished.
Thread (ID: 775) has finished.
Thread (ID: 788) has started.
Thread (ID: 778) has finished.
Thread (ID: 789) has started.
Thread (ID: 789) has finished.
Thread (ID: 790) has started.
Thread (ID: 787) has finished.
Thread (ID: 779) has finished.
Thread (ID: 794) has started.
Thread (ID: 791) has started.
Thread (ID: 781) has finished.
Thread (ID: 784) has finished.
Thread (ID: 796) has started.
Thread (ID: 793) has started.
Thread (ID: 795) has started.
Thread (ID: 795) has finished.
Thread (ID: 797) has started.
Thread (ID: 776) has finished.
Thread (ID: 792) has started.
Thread (ID: 799) has started.
Thread (ID: 798) has started.
Thread (ID: 798) has finished.
Thread (ID: 785) has finished.
Thread (ID: 800) has started.
Thread (ID: 782) has finished.
Thread (ID: 790) has finished.
Thread (ID: 802) has started.
Thread (ID: 801) has started.
Thread (ID: 801) has finished.
Thread (ID: 792) has finished.
Thread (ID: 793) has finished.
Thread (ID: 805) has started.
Thread (ID: 799) has finished.
Thread (ID: 796) has finished.
Thread (ID: 804) has started.
Thread (ID: 804) has finished.
Thread (ID: 803) has started.
Thread (ID: 806) has started.
Thread (ID: 794) has finished.
Thread (ID: 807) has started.
Thread (ID: 807) has finished.
Thread (ID: 808) has started.
Thread (ID: 788) has finished.
Thread (ID: 809) has started.
Thread (ID: 812) has started.
Thread (ID: 797) has finished.
Thread (ID: 810) has started.
Thread (ID: 813) has started.
Thread (ID: 813) has finished.
Thread (ID: 802) has finished.
Thread (ID: 805) has finished.
Thread (ID: 791) has finished.
Thread (ID: 800) has finished.
Thread (ID: 817) has started.
Thread (ID: 811) has started.
Thread (ID: 814) has started.
Thread (ID: 815) has started.
Thread (ID: 816) has started.
Thread (ID: 816) has finished.
Thread (ID: 808) has finished.
Thread (ID: 819) has started.
Thread (ID: 806) has finished.
Thread (ID: 818) has started.
Thread (ID: 820) has started.
Thread (ID: 803) has finished.
Thread (ID: 819) has finished.
Thread (ID: 810) has finished.
Thread (ID: 817) has finished.
Thread (ID: 822) has started.
Thread (ID: 822) has finished.
Thread (ID: 825) has started.
Thread (ID: 825) has finished.
Thread (ID: 809) has finished.
Thread (ID: 821) has started.
Thread (ID: 814) has finished.
Thread (ID: 823) has started.
Thread (ID: 829) has started.
Thread (ID: 812) has finished.
Thread (ID: 826) has started.
Thread (ID: 830) has started.
Thread (ID: 815) has finished.
Thread (ID: 828) has started.
Thread (ID: 828) has finished.
Thread (ID: 824) has started.
Thread (ID: 811) has finished.
Thread (ID: 827) has started.
Thread (ID: 820) has finished.
Thread (ID: 831) has started.
Thread (ID: 831) has finished.
Thread (ID: 834) has started.
Thread (ID: 834) has finished.
Thread (ID: 832) has started.
Thread (ID: 836) has started.
Thread (ID: 829) has finished.
Thread (ID: 818) has finished.
Thread (ID: 823) has finished.
Thread (ID: 838) has started.
Thread (ID: 833) has started.
Thread (ID: 821) has finished.
Thread (ID: 837) has started.
Thread (ID: 837) has finished.
Thread (ID: 839) has started.
Thread (ID: 826) has finished.
Thread (ID: 835) has started.
Thread (ID: 840) has started.
Thread (ID: 840) has finished.
Thread (ID: 832) has finished.
Thread (ID: 830) has finished.
Thread (ID: 824) has finished.
Thread (ID: 842) has started.
Thread (ID: 845) has started.
Thread (ID: 838) has finished.
Thread (ID: 841) has started.
Thread (ID: 843) has started.
Thread (ID: 843) has finished.
Thread (ID: 827) has finished.
Thread (ID: 835) has finished.
Thread (ID: 847) has started.
Thread (ID: 846) has started.
Thread (ID: 846) has finished.
Thread (ID: 844) has started.
Thread (ID: 849) has started.
Thread (ID: 849) has finished.
Thread (ID: 850) has started.
Thread (ID: 833) has finished.
Thread (ID: 851) has started.
Thread (ID: 836) has finished.
Thread (ID: 839) has finished.
Thread (ID: 854) has started.
Thread (ID: 855) has started.
Thread (ID: 855) has finished.
Thread (ID: 852) has started.
Thread (ID: 852) has finished.
Thread (ID: 841) has finished.
Thread (ID: 847) has finished.
Thread (ID: 845) has finished.
Thread (ID: 850) has finished.
Thread (ID: 859) has started.
Thread (ID: 844) has finished.
Thread (ID: 842) has finished.
Thread (ID: 862) has started.
Thread (ID: 858) has started.
Thread (ID: 858) has finished.
Thread (ID: 856) has started.
Thread (ID: 860) has started.
Thread (ID: 848) has started.
Thread (ID: 861) has started.
Thread (ID: 861) has finished.
Thread (ID: 863) has started.
Thread (ID: 865) has started.
Thread (ID: 864) has started.
Thread (ID: 864) has finished.
Thread (ID: 851) has finished.
Thread (ID: 853) has started.
Thread (ID: 867) has started.
Thread (ID: 867) has finished.
Thread (ID: 859) has finished.
Thread (ID: 868) has started.
Thread (ID: 857) has started.
Thread (ID: 869) has started.
Thread (ID: 862) has finished.
Thread (ID: 854) has finished.
Thread (ID: 870) has started.
Thread (ID: 870) has finished.
Thread (ID: 866) has started.
Thread (ID: 856) has finished.
Thread (ID: 865) has finished.
Thread (ID: 871) has started.
Thread (ID: 874) has started.
Thread (ID: 873) has started.
Thread (ID: 873) has finished.
Thread (ID: 872) has started.
Thread (ID: 875) has started.
Thread (ID: 860) has finished.
Thread (ID: 853) has finished.
Thread (ID: 848) has finished.
Thread (ID: 868) has finished.
Thread (ID: 863) has finished.
Thread (ID: 876) has started.
Thread (ID: 879) has started.
Thread (ID: 879) has finished.
Thread (ID: 876) has finished.
Thread (ID: 877) has started.
Thread (ID: 880) has started.
Thread (ID: 878) has started.
Thread (ID: 857) has finished.
Thread (ID: 871) has finished.
Thread (ID: 866) has finished.
Thread (ID: 881) has started.
Thread (ID: 884) has started.
Thread (ID: 882) has started.
Thread (ID: 882) has finished.
Thread (ID: 869) has finished.
Thread (ID: 886) has started.
Thread (ID: 885) has started.
Thread (ID: 885) has finished.
Thread (ID: 874) has finished.
Thread (ID: 875) has finished.
Thread (ID: 880) has finished.
Thread (ID: 872) has finished.
Thread (ID: 891) has started.
Thread (ID: 891) has finished.
Thread (ID: 888) has started.
Thread (ID: 888) has finished.
Thread (ID: 883) has started.
Thread (ID: 890) has started.
Thread (ID: 887) has started.
Thread (ID: 877) has finished.
Thread (ID: 892) has started.
Thread (ID: 889) has started.
Thread (ID: 893) has started.
Thread (ID: 886) has finished.
Thread (ID: 894) has started.
Thread (ID: 896) has started.
Thread (ID: 884) has finished.
Thread (ID: 894) has finished.
Thread (ID: 897) has started.
Thread (ID: 897) has finished.
Thread (ID: 895) has started.
Thread (ID: 899) has started.
Thread (ID: 883) has finished.
Thread (ID: 878) has finished.
Thread (ID: 900) has started.
Thread (ID: 901) has started.
Thread (ID: 898) has started.
Thread (ID: 881) has finished.
Thread (ID: 900) has finished.
Thread (ID: 892) has finished.
Thread (ID: 889) has finished.
Thread (ID: 902) has started.
Thread (ID: 903) has started.
Thread (ID: 903) has finished.
Thread (ID: 905) has started.
Thread (ID: 890) has finished.
Thread (ID: 895) has finished.
Thread (ID: 906) has started.
Thread (ID: 898) has finished.
Thread (ID: 906) has finished.
Thread (ID: 896) has finished.
Thread (ID: 907) has started.
Thread (ID: 908) has started.
Thread (ID: 887) has finished.
Thread (ID: 893) has finished.
Thread (ID: 912) has started.
Thread (ID: 912) has finished.
Thread (ID: 913) has started.
Thread (ID: 914) has started.
Thread (ID: 911) has started.
Thread (ID: 899) has finished.
Thread (ID: 901) has finished.
Thread (ID: 915) has started.
Thread (ID: 915) has finished.
Thread (ID: 910) has started.
Thread (ID: 917) has started.
Thread (ID: 907) has finished.
Thread (ID: 909) has started.
Thread (ID: 905) has finished.
Thread (ID: 904) has started.
Thread (ID: 902) has finished.
Thread (ID: 918) has started.
Thread (ID: 918) has finished.
Thread (ID: 916) has started.
Thread (ID: 919) has started.
Thread (ID: 913) has finished.
Thread (ID: 920) has started.
Thread (ID: 908) has finished.
Thread (ID: 921) has started.
Thread (ID: 921) has finished.
Thread (ID: 909) has finished.
Thread (ID: 910) has finished.
Thread (ID: 904) has finished.
Thread (ID: 926) has started.
Thread (ID: 924) has started.
Thread (ID: 924) has finished.
Thread (ID: 923) has started.
Thread (ID: 928) has started.
Thread (ID: 911) has finished.
Thread (ID: 922) has started.
Thread (ID: 929) has started.
Thread (ID: 916) has finished.
Thread (ID: 925) has started.
Thread (ID: 930) has started.
Thread (ID: 930) has finished.
Thread (ID: 917) has finished.
Thread (ID: 927) has started.
Thread (ID: 927) has finished.
Thread (ID: 914) has finished.
Thread (ID: 931) has started.
Thread (ID: 932) has started.
Thread (ID: 922) has finished.
Thread (ID: 933) has started.
Thread (ID: 935) has started.
Thread (ID: 920) has finished.
Thread (ID: 934) has started.
Thread (ID: 936) has started.
Thread (ID: 936) has finished.
Thread (ID: 933) has finished.
Thread (ID: 937) has started.
Thread (ID: 926) has finished.
Thread (ID: 923) has finished.
Thread (ID: 925) has finished.
Thread (ID: 929) has finished.
Thread (ID: 938) has started.
Thread (ID: 928) has finished.
Thread (ID: 939) has started.
Thread (ID: 939) has finished.
Thread (ID: 940) has started.
Thread (ID: 919) has finished.
Thread (ID: 941) has started.
Thread (ID: 942) has started.
Thread (ID: 942) has finished.
Thread (ID: 934) has finished.
Thread (ID: 931) has finished.
Thread (ID: 944) has started.
Thread (ID: 937) has finished.
Thread (ID: 943) has started.
Thread (ID: 945) has started.
Thread (ID: 945) has finished.
Thread (ID: 947) has started.
Thread (ID: 940) has finished.
Thread (ID: 948) has started.
Thread (ID: 948) has finished.
Thread (ID: 949) has started.
Thread (ID: 946) has started.
Thread (ID: 950) has started.
Thread (ID: 932) has finished.
Thread (ID: 951) has started.
Thread (ID: 951) has finished.
Thread (ID: 952) has started.
Thread (ID: 943) has finished.
Thread (ID: 938) has finished.
Thread (ID: 935) has finished.
Thread (ID: 953) has started.
Thread (ID: 957) has started.
Thread (ID: 957) has finished.
Thread (ID: 941) has finished.
Thread (ID: 958) has started.
Thread (ID: 949) has finished.
Thread (ID: 955) has started.
Thread (ID: 960) has started.
Thread (ID: 960) has finished.
Thread (ID: 952) has finished.
Thread (ID: 961) has started.
Thread (ID: 944) has finished.
Thread (ID: 954) has started.
Thread (ID: 954) has finished.
Thread (ID: 963) has started.
Thread (ID: 963) has finished.
Thread (ID: 964) has started.
Thread (ID: 956) has started.
Thread (ID: 946) has finished.
Thread (ID: 959) has started.
Thread (ID: 966) has started.
Thread (ID: 966) has finished.
Thread (ID: 965) has started.
Thread (ID: 950) has finished.
Thread (ID: 958) has finished.
Thread (ID: 968) has started.
Thread (ID: 969) has started.
Thread (ID: 969) has finished.
Thread (ID: 967) has started.
Thread (ID: 964) has finished.
Thread (ID: 962) has started.
Thread (ID: 955) has finished.
Thread (ID: 953) has finished.
Thread (ID: 947) has finished.
Thread (ID: 970) has started.
Thread (ID: 961) has finished.
Thread (ID: 971) has started.
Thread (ID: 975) has started.
Thread (ID: 975) has finished.
Thread (ID: 974) has started.
Thread (ID: 972) has started.
Thread (ID: 972) has finished.
Thread (ID: 967) has finished.
Thread (ID: 956) has finished.
Thread (ID: 976) has started.
Thread (ID: 978) has started.
Thread (ID: 965) has finished.
Thread (ID: 959) has finished.
Thread (ID: 973) has started.
Thread (ID: 981) has started.
Thread (ID: 981) has finished.
Thread (ID: 978) has finished.
Thread (ID: 982) has started.
Thread (ID: 983) has started.
Thread (ID: 979) has started.
Thread (ID: 968) has finished.
Thread (ID: 977) has started.
Thread (ID: 984) has started.
Thread (ID: 984) has finished.
Thread (ID: 962) has finished.
Thread (ID: 980) has started.
Thread (ID: 976) has finished.
Thread (ID: 970) has finished.
Thread (ID: 987) has started.
Thread (ID: 987) has finished.
Thread (ID: 973) has finished.
Thread (ID: 979) has finished.
Thread (ID: 971) has finished.
Thread (ID: 986) has started.
Thread (ID: 988) has started.
Thread (ID: 974) has finished.
Thread (ID: 989) has started.
Thread (ID: 982) has finished.
Thread (ID: 985) has started.
Thread (ID: 990) has started.
Thread (ID: 990) has finished.
Thread (ID: 992) has started.
Thread (ID: 993) has started.
Thread (ID: 993) has finished.
Thread (ID: 977) has finished.
Thread (ID: 991) has started.
Thread (ID: 983) has finished.
Thread (ID: 995) has started.
Thread (ID: 994) has started.
Thread (ID: 996) has started.
Thread (ID: 996) has finished.
Thread (ID: 980) has finished.
Thread (ID: 985) has finished.
Thread (ID: 998) has started.
Thread (ID: 997) has started.
Thread (ID: 999) has started.
Thread (ID: 999) has finished.
Thread (ID: 988) has finished.
Thread (ID: 991) has finished.
Thread (ID: 986) has finished.
Thread (ID: 994) has finished.
Thread (ID: 989) has finished.
Thread (ID: 992) has finished.
Thread (ID: 997) has finished.
Thread (ID: 995) has finished.
Thread (ID: 998) has finished.
==88762== 
==88762== Use --history-level=approx or =none to gain increased speed, at
==88762== the cost of reduced accuracy of conflicting-access information
==88762== For lists of detected and suppressed errors, rerun with: -s
==88762== ERROR SUMMARY: 9 errors from 1 contexts (suppressed: 88648 from 16)
